<?xml version="1.0" encoding="UTF-8"?>
<!-- Generated by org.testng.reporters.JUnitReportReporter -->
<testsuite hostname="DESKTOP-KRDCMEH" failures="0" tests="1" name="automation.testng.testcases.TC007_Performanta" time="1.601" errors="0" timestamp="2025-01-12T10:01:07 EET" skipped="0">
  <testcase classname="automation.testng.testcases.TC007_Performanta" name="TC007_Performanta" time="1.601"/>
  <system-out/>
</testsuite> <!-- automation.testng.testcases.TC007_Performanta -->
