<?xml version="1.0" encoding="UTF-8"?>
<!-- Generated by org.testng.reporters.JUnitReportReporter -->
<testsuite hostname="DESKTOP-KRDCMEH" failures="0" tests="6" name="automation.testng.testcases.TC006_Conversie_Valori_Negative" time="19.830" errors="0" timestamp="2025-01-12T10:01:07 EET" skipped="0">
  <testcase classname="automation.testng.testcases.TC006_Conversie_Valori_Negative" name="TC006_Conversie_Valori_Negative" time="1.756"/>
  <system-out/>
  <testcase classname="automation.testng.testcases.TC006_Conversie_Valori_Negative" name="TC006_Conversie_Valori_Negative" time="4.813"/>
  <system-out/>
  <testcase classname="automation.testng.testcases.TC006_Conversie_Valori_Negative" name="TC006_Conversie_Valori_Negative" time="4.949"/>
  <system-out/>
  <testcase classname="automation.testng.testcases.TC006_Conversie_Valori_Negative" name="TC006_Conversie_Valori_Negative" time="1.747"/>
  <system-out/>
  <testcase classname="automation.testng.testcases.TC006_Conversie_Valori_Negative" name="TC006_Conversie_Valori_Negative" time="4.852"/>
  <system-out/>
  <testcase classname="automation.testng.testcases.TC006_Conversie_Valori_Negative" name="TC006_Conversie_Valori_Negative" time="1.713"/>
  <system-out/>
</testsuite> <!-- automation.testng.testcases.TC006_Conversie_Valori_Negative -->
