<?xml version="1.0" encoding="UTF-8"?>
<!-- Generated by org.testng.reporters.JUnitReportReporter -->
<testsuite hostname="DESKTOP-KRDCMEH" failures="0" tests="2" name="automation.testng.testcases.TC002_Existentei_Optiunilor_Valutare" time="6.134" errors="0" timestamp="2025-01-12T10:01:07 EET" skipped="0">
  <testcase classname="automation.testng.testcases.TC002_Existentei_Optiunilor_Valutare" name="TC002_Existentei_Optiunilor_Valutare" time="4.656"/>
  <system-out/>
  <testcase classname="automation.testng.testcases.TC002_Existentei_Optiunilor_Valutare" name="TC002_Existentei_Optiunilor_Valutare" time="1.478"/>
  <system-out/>
</testsuite> <!-- automation.testng.testcases.TC002_Existentei_Optiunilor_Valutare -->
